<?xml version="1.0" encoding="UTF-8"?>
<testsuite xmlns:xsi="http://www.w3.org/2001/XMLSchema-instance" xsi:noNamespaceSchemaLocation="https://maven.apache.org/surefire/maven-surefire-plugin/xsd/surefire-test-report.xsd" name="com.example.ebankingbackend.service.AccountServiceTest" time="0.862" tests="5" errors="0" skipped="0" failures="0">
  <properties>
[...]
</properties>
  <testcase name="createMultiCurrencyAccount_shouldFail" classname="com.example.ebankingbackend.service.AccountServiceTest" time="0.577"/>
  <testcase name="createMultiCurrencyAccount_shouldSuccess" classname="com.example.ebankingbackend.service.AccountServiceTest" time="0.099"/>
  <testcase name="getAccountByIbanCode" classname="com.example.ebankingbackend.service.AccountServiceTest" time="0.082"/>
  <testcase name="createAccount" classname="com.example.ebankingbackend.service.AccountServiceTest" time="0.062"/>
  <testcase name="getAccountByUser" classname="com.example.ebankingbackend.service.AccountServiceTest" time="0.039"/>
</testsuite>